This file contains any messages produced by compilers while
running configure, to aid debugging if configure makes a mistake.

It was created by configure, which was
generated by GNU Autoconf 2.65.  Invocation command line was

  $ ./configure 

## --------- ##
## Platform. ##
## --------- ##

hostname = frigg
uname -m = i686
uname -r = 3.2.0-57-generic-pae
uname -s = Linux
uname -v = #87-Ubuntu SMP Tue Nov 12 21:57:43 UTC 2013

/usr/bin/uname -p = unknown
/bin/uname -X     = unknown

/bin/arch              = unknown
/usr/bin/arch -k       = unknown
/usr/convex/getsysinfo = unknown
/usr/bin/hostinfo      = unknown
/bin/machine           = unknown
/usr/bin/oslevel       = unknown
/bin/universe          = unknown

PATH: /opt/microchip/mplabc32/v2.02/bin
PATH: /opt/microchip/mplabc32/v2.02/bin
PATH: /home/kristoff/bin
PATH: /usr/lib/lightdm/lightdm
PATH: /usr/local/sbin
PATH: /usr/local/bin
PATH: /usr/sbin
PATH: /usr/bin
PATH: /sbin
PATH: /bin
PATH: /usr/games


## ----------- ##
## Core tests. ##
## ----------- ##

configure:2286: checking for a BSD-compatible install
configure:2354: result: /usr/bin/install -c
configure:2365: checking whether build environment is sane
configure:2415: result: yes
configure:2556: checking for a thread-safe mkdir -p
configure:2595: result: /usr/bin/mkdir -p
configure:2608: checking for gawk
configure:2624: found /usr/bin/gawk
configure:2635: result: gawk
configure:2646: checking whether make sets $(MAKE)
configure:2668: result: yes
configure:2814: checking build system type
configure:2828: result: i686-pc-linux-gnu
configure:2848: checking host system type
configure:2861: result: i686-pc-linux-gnu
configure:2930: checking for gcc
configure:2946: found /usr/bin/gcc
configure:2957: result: gcc
configure:3186: checking for C compiler version
configure:3195: gcc --version >&5
gcc (Ubuntu/Linaro 4.6.3-1ubuntu5) 4.6.3
Copyright (C) 2011 Free Software Foundation, Inc.
This is free software; see the source for copying conditions.  There is NO
warranty; not even for MERCHANTABILITY or FITNESS FOR A PARTICULAR PURPOSE.

configure:3206: $? = 0
configure:3195: gcc -v >&5
Using built-in specs.
COLLECT_GCC=gcc
COLLECT_LTO_WRAPPER=/usr/lib/gcc/i686-linux-gnu/4.6/lto-wrapper
Target: i686-linux-gnu
Configured with: ../src/configure -v --with-pkgversion='Ubuntu/Linaro 4.6.3-1ubuntu5' --with-bugurl=file:///usr/share/doc/gcc-4.6/README.Bugs --enable-languages=c,c++,fortran,objc,obj-c++ --prefix=/usr --program-suffix=-4.6 --enable-shared --enable-linker-build-id --with-system-zlib --libexecdir=/usr/lib --without-included-gettext --enable-threads=posix --with-gxx-include-dir=/usr/include/c++/4.6 --libdir=/usr/lib --enable-nls --with-sysroot=/ --enable-clocale=gnu --enable-libstdcxx-debug --enable-libstdcxx-time=yes --enable-gnu-unique-object --enable-plugin --enable-objc-gc --enable-targets=all --disable-werror --with-arch-32=i686 --with-tune=generic --enable-checking=release --build=i686-linux-gnu --host=i686-linux-gnu --target=i686-linux-gnu
Thread model: posix
gcc version 4.6.3 (Ubuntu/Linaro 4.6.3-1ubuntu5) 
configure:3206: $? = 0
configure:3195: gcc -V >&5
gcc: error: unrecognized option '-V'
gcc: fatal error: no input files
compilation terminated.
configure:3206: $? = 4
configure:3195: gcc -qversion >&5
gcc: error: unrecognized option '-qversion'
gcc: fatal error: no input files
compilation terminated.
configure:3206: $? = 4
configure:3226: checking whether the C compiler works
configure:3248: gcc    conftest.c  >&5
configure:3252: $? = 0
configure:3301: result: yes
configure:3304: checking for C compiler default output file name
configure:3306: result: a.out
configure:3312: checking for suffix of executables
configure:3319: gcc -o conftest    conftest.c  >&5
configure:3323: $? = 0
configure:3345: result: 
configure:3367: checking whether we are cross compiling
configure:3375: gcc -o conftest    conftest.c  >&5
configure:3379: $? = 0
configure:3386: ./conftest
configure:3390: $? = 0
configure:3405: result: no
configure:3410: checking for suffix of object files
configure:3432: gcc -c   conftest.c >&5
configure:3436: $? = 0
configure:3457: result: o
configure:3461: checking whether we are using the GNU C compiler
configure:3480: gcc -c   conftest.c >&5
configure:3480: $? = 0
configure:3489: result: yes
configure:3498: checking whether gcc accepts -g
configure:3518: gcc -c -g  conftest.c >&5
configure:3518: $? = 0
configure:3559: result: yes
configure:3576: checking for gcc option to accept ISO C89
configure:3640: gcc  -c -g -O2  conftest.c >&5
configure:3640: $? = 0
configure:3653: result: none needed
configure:3684: checking for style of include used by make
configure:3712: result: GNU
configure:3737: checking dependency style of gcc
configure:3847: result: gcc3
configure:3920: checking for g++
configure:3936: found /usr/bin/g++
configure:3947: result: g++
configure:3974: checking for C++ compiler version
configure:3983: g++ --version >&5
g++ (Ubuntu/Linaro 4.6.3-1ubuntu5) 4.6.3
Copyright (C) 2011 Free Software Foundation, Inc.
This is free software; see the source for copying conditions.  There is NO
warranty; not even for MERCHANTABILITY or FITNESS FOR A PARTICULAR PURPOSE.

configure:3994: $? = 0
configure:3983: g++ -v >&5
Using built-in specs.
COLLECT_GCC=g++
COLLECT_LTO_WRAPPER=/usr/lib/gcc/i686-linux-gnu/4.6/lto-wrapper
Target: i686-linux-gnu
Configured with: ../src/configure -v --with-pkgversion='Ubuntu/Linaro 4.6.3-1ubuntu5' --with-bugurl=file:///usr/share/doc/gcc-4.6/README.Bugs --enable-languages=c,c++,fortran,objc,obj-c++ --prefix=/usr --program-suffix=-4.6 --enable-shared --enable-linker-build-id --with-system-zlib --libexecdir=/usr/lib --without-included-gettext --enable-threads=posix --with-gxx-include-dir=/usr/include/c++/4.6 --libdir=/usr/lib --enable-nls --with-sysroot=/ --enable-clocale=gnu --enable-libstdcxx-debug --enable-libstdcxx-time=yes --enable-gnu-unique-object --enable-plugin --enable-objc-gc --enable-targets=all --disable-werror --with-arch-32=i686 --with-tune=generic --enable-checking=release --build=i686-linux-gnu --host=i686-linux-gnu --target=i686-linux-gnu
Thread model: posix
gcc version 4.6.3 (Ubuntu/Linaro 4.6.3-1ubuntu5) 
configure:3994: $? = 0
configure:3983: g++ -V >&5
g++: error: unrecognized option '-V'
g++: fatal error: no input files
compilation terminated.
configure:3994: $? = 4
configure:3983: g++ -qversion >&5
g++: error: unrecognized option '-qversion'
g++: fatal error: no input files
compilation terminated.
configure:3994: $? = 4
configure:3998: checking whether we are using the GNU C++ compiler
configure:4017: g++ -c   conftest.cpp >&5
configure:4017: $? = 0
configure:4026: result: yes
configure:4035: checking whether g++ accepts -g
configure:4055: g++ -c -g  conftest.cpp >&5
configure:4055: $? = 0
configure:4096: result: yes
configure:4121: checking dependency style of g++
configure:4231: result: gcc3
configure:4247: checking whether ln -s works
configure:4251: result: yes
configure:4301: checking for ranlib
configure:4317: found /usr/bin/ranlib
configure:4328: result: ranlib
configure:4353: checking for gcc
configure:4369: found /usr/bin/gcc
configure:4381: result: y
configure:4396: checking for g++
configure:4412: found /usr/bin/g++
configure:4424: result: y
configure:4438: checking for socket in -lsocket
configure:4463: gcc -o conftest -g -O2   conftest.c -lsocket   >&5
/usr/bin/ld: cannot find -lsocket
collect2: ld returned 1 exit status
configure:4463: $? = 1
configure: failed program was:
| /* confdefs.h */
| #define PACKAGE_NAME ""
| #define PACKAGE_TARNAME ""
| #define PACKAGE_VERSION ""
| #define PACKAGE_STRING ""
| #define PACKAGE_BUGREPORT ""
| #define PACKAGE_URL ""
| #define PACKAGE "thelinkbox"
| #define VERSION "0.53"
| /* end confdefs.h.  */
| 
| /* Override any GCC internal prototype to avoid an error.
|    Use char because int might match the return type of a GCC
|    builtin and then its argument prototype would still apply.  */
| #ifdef __cplusplus
| extern "C"
| #endif
| char socket ();
| int
| main ()
| {
| return socket ();
|   ;
|   return 0;
| }
configure:4472: result: no
configure:4489: checking how to run the C preprocessor
configure:4520: gcc -E  conftest.c
configure:4520: $? = 0
configure:4534: gcc -E  conftest.c
conftest.c:11:28: fatal error: ac_nonexistent.h: No such file or directory
compilation terminated.
configure:4534: $? = 1
configure: failed program was:
| /* confdefs.h */
| #define PACKAGE_NAME ""
| #define PACKAGE_TARNAME ""
| #define PACKAGE_VERSION ""
| #define PACKAGE_STRING ""
| #define PACKAGE_BUGREPORT ""
| #define PACKAGE_URL ""
| #define PACKAGE "thelinkbox"
| #define VERSION "0.53"
| /* end confdefs.h.  */
| #include <ac_nonexistent.h>
configure:4559: result: gcc -E
configure:4579: gcc -E  conftest.c
configure:4579: $? = 0
configure:4593: gcc -E  conftest.c
conftest.c:11:28: fatal error: ac_nonexistent.h: No such file or directory
compilation terminated.
configure:4593: $? = 1
configure: failed program was:
| /* confdefs.h */
| #define PACKAGE_NAME ""
| #define PACKAGE_TARNAME ""
| #define PACKAGE_VERSION ""
| #define PACKAGE_STRING ""
| #define PACKAGE_BUGREPORT ""
| #define PACKAGE_URL ""
| #define PACKAGE "thelinkbox"
| #define VERSION "0.53"
| /* end confdefs.h.  */
| #include <ac_nonexistent.h>
configure:4622: checking for grep that handles long lines and -e
configure:4680: result: /bin/grep
configure:4685: checking for egrep
configure:4747: result: /bin/grep -E
configure:4752: checking for ANSI C header files
configure:4772: gcc -c -g -O2  conftest.c >&5
configure:4772: $? = 0
configure:4845: gcc -o conftest -g -O2   conftest.c  >&5
configure:4845: $? = 0
configure:4845: ./conftest
configure:4845: $? = 0
configure:4856: result: yes
configure:4869: checking for sys/types.h
configure:4869: gcc -c -g -O2  conftest.c >&5
configure:4869: $? = 0
configure:4869: result: yes
configure:4869: checking for sys/stat.h
configure:4869: gcc -c -g -O2  conftest.c >&5
configure:4869: $? = 0
configure:4869: result: yes
configure:4869: checking for stdlib.h
configure:4869: gcc -c -g -O2  conftest.c >&5
configure:4869: $? = 0
configure:4869: result: yes
configure:4869: checking for string.h
configure:4869: gcc -c -g -O2  conftest.c >&5
configure:4869: $? = 0
configure:4869: result: yes
configure:4869: checking for memory.h
configure:4869: gcc -c -g -O2  conftest.c >&5
configure:4869: $? = 0
configure:4869: result: yes
configure:4869: checking for strings.h
configure:4869: gcc -c -g -O2  conftest.c >&5
configure:4869: $? = 0
configure:4869: result: yes
configure:4869: checking for inttypes.h
configure:4869: gcc -c -g -O2  conftest.c >&5
configure:4869: $? = 0
configure:4869: result: yes
configure:4869: checking for stdint.h
configure:4869: gcc -c -g -O2  conftest.c >&5
configure:4869: $? = 0
configure:4869: result: yes
configure:4869: checking for unistd.h
configure:4869: gcc -c -g -O2  conftest.c >&5
configure:4869: $? = 0
configure:4869: result: yes
configure:4882: checking whether byte ordering is bigendian
configure:4897: gcc -c -g -O2  conftest.c >&5
conftest.c:22:9: error: unknown type name 'not'
conftest.c:22:15: error: expected '=', ',', ';', 'asm' or '__attribute__' before 'universal'
conftest.c:22:15: error: unknown type name 'universal'
configure:4897: $? = 1
configure: failed program was:
| /* confdefs.h */
| #define PACKAGE_NAME ""
| #define PACKAGE_TARNAME ""
| #define PACKAGE_VERSION ""
| #define PACKAGE_STRING ""
| #define PACKAGE_BUGREPORT ""
| #define PACKAGE_URL ""
| #define PACKAGE "thelinkbox"
| #define VERSION "0.53"
| #define STDC_HEADERS 1
| #define HAVE_SYS_TYPES_H 1
| #define HAVE_SYS_STAT_H 1
| #define HAVE_STDLIB_H 1
| #define HAVE_STRING_H 1
| #define HAVE_MEMORY_H 1
| #define HAVE_STRINGS_H 1
| #define HAVE_INTTYPES_H 1
| #define HAVE_STDINT_H 1
| #define HAVE_UNISTD_H 1
| /* end confdefs.h.  */
| #ifndef __APPLE_CC__
| 	       not a universal capable compiler
| 	     #endif
| 	     typedef int dummy;
| 
configure:4942: gcc -c -g -O2  conftest.c >&5
configure:4942: $? = 0
configure:4960: gcc -c -g -O2  conftest.c >&5
conftest.c: In function 'main':
conftest.c:28:4: error: unknown type name 'not'
conftest.c:28:12: error: expected '=', ',', ';', 'asm' or '__attribute__' before 'endian'
configure:4960: $? = 1
configure: failed program was:
| /* confdefs.h */
| #define PACKAGE_NAME ""
| #define PACKAGE_TARNAME ""
| #define PACKAGE_VERSION ""
| #define PACKAGE_STRING ""
| #define PACKAGE_BUGREPORT ""
| #define PACKAGE_URL ""
| #define PACKAGE "thelinkbox"
| #define VERSION "0.53"
| #define STDC_HEADERS 1
| #define HAVE_SYS_TYPES_H 1
| #define HAVE_SYS_STAT_H 1
| #define HAVE_STDLIB_H 1
| #define HAVE_STRING_H 1
| #define HAVE_MEMORY_H 1
| #define HAVE_STRINGS_H 1
| #define HAVE_INTTYPES_H 1
| #define HAVE_STDINT_H 1
| #define HAVE_UNISTD_H 1
| /* end confdefs.h.  */
| #include <sys/types.h>
| 		#include <sys/param.h>
| 
| int
| main ()
| {
| #if BYTE_ORDER != BIG_ENDIAN
| 		 not big endian
| 		#endif
| 
|   ;
|   return 0;
| }
configure:5088: result: no
configure:5334: checking for EVIOCGUNIQ
configure:5354: gcc -c -g -O2  conftest.c >&5
configure:5354: $? = 0
configure:5364: result: yes
configure:5374: checking for int8_t...int64_t
configure:5395: gcc -c -g -O2  conftest.c >&5
configure:5395: $? = 0
configure:5412: result: no
configure:5416: checking for u_int8_t...u_int64_t
configure:5437: gcc -c -g -O2  conftest.c >&5
configure:5437: $? = 0
configure:5454: result: no
configure:5459: checking for ANSI C header files
configure:5563: result: yes
configure:5574: checking fcntl.h usability
configure:5574: gcc -c -g -O2  conftest.c >&5
configure:5574: $? = 0
configure:5574: result: yes
configure:5574: checking fcntl.h presence
configure:5574: gcc -E  conftest.c
configure:5574: $? = 0
configure:5574: result: yes
configure:5574: checking for fcntl.h
configure:5574: result: yes
configure:5574: checking limits.h usability
configure:5574: gcc -c -g -O2  conftest.c >&5
configure:5574: $? = 0
configure:5574: result: yes
configure:5574: checking limits.h presence
configure:5574: gcc -E  conftest.c
configure:5574: $? = 0
configure:5574: result: yes
configure:5574: checking for limits.h
configure:5574: result: yes
configure:5574: checking sys/time.h usability
configure:5574: gcc -c -g -O2  conftest.c >&5
configure:5574: $? = 0
configure:5574: result: yes
configure:5574: checking sys/time.h presence
configure:5574: gcc -E  conftest.c
configure:5574: $? = 0
configure:5574: result: yes
configure:5574: checking for sys/time.h
configure:5574: result: yes
configure:5574: checking for unistd.h
configure:5574: result: yes
configure:5574: checking sys/signal.h usability
configure:5574: gcc -c -g -O2  conftest.c >&5
configure:5574: $? = 0
configure:5574: result: yes
configure:5574: checking sys/signal.h presence
configure:5574: gcc -E  conftest.c
configure:5574: $? = 0
configure:5574: result: yes
configure:5574: checking for sys/signal.h
configure:5574: result: yes
configure:5574: checking sys/timeb.h usability
configure:5574: gcc -c -g -O2  conftest.c >&5
configure:5574: $? = 0
configure:5574: result: yes
configure:5574: checking sys/timeb.h presence
configure:5574: gcc -E  conftest.c
configure:5574: $? = 0
configure:5574: result: yes
configure:5574: checking for sys/timeb.h
configure:5574: result: yes
configure:5587: checking grp.h usability
configure:5587: gcc -c -g -O2  conftest.c >&5
configure:5587: $? = 0
configure:5587: result: yes
configure:5587: checking grp.h presence
configure:5587: gcc -E  conftest.c
configure:5587: $? = 0
configure:5587: result: yes
configure:5587: checking for grp.h
configure:5587: result: yes
configure:5599: checking math.h usability
configure:5599: gcc -c -g -O2  conftest.c >&5
configure:5599: $? = 0
configure:5599: result: yes
configure:5599: checking math.h presence
configure:5599: gcc -E  conftest.c
configure:5599: $? = 0
configure:5599: result: yes
configure:5599: checking for math.h
configure:5599: result: yes
configure:5610: checking for an ANSI C-conforming const
configure:5675: gcc -c -g -O2  conftest.c >&5
configure:5675: $? = 0
configure:5682: result: yes
configure:5690: checking for size_t
configure:5690: gcc -c -g -O2  conftest.c >&5
configure:5690: $? = 0
configure:5690: gcc -c -g -O2  conftest.c >&5
conftest.c: In function 'main':
conftest.c:67:21: error: expected expression before ')' token
configure:5690: $? = 1
configure: failed program was:
| /* confdefs.h */
| #define PACKAGE_NAME ""
| #define PACKAGE_TARNAME ""
| #define PACKAGE_VERSION ""
| #define PACKAGE_STRING ""
| #define PACKAGE_BUGREPORT ""
| #define PACKAGE_URL ""
| #define PACKAGE "thelinkbox"
| #define VERSION "0.53"
| #define STDC_HEADERS 1
| #define HAVE_SYS_TYPES_H 1
| #define HAVE_SYS_STAT_H 1
| #define HAVE_STDLIB_H 1
| #define HAVE_STRING_H 1
| #define HAVE_MEMORY_H 1
| #define HAVE_STRINGS_H 1
| #define HAVE_INTTYPES_H 1
| #define HAVE_STDINT_H 1
| #define HAVE_UNISTD_H 1
| #define HAVE_EVIOCGUNIQ /**/
| #define STDC_HEADERS 1
| #define HAVE_FCNTL_H 1
| #define HAVE_LIMITS_H 1
| #define HAVE_SYS_TIME_H 1
| #define HAVE_UNISTD_H 1
| #define HAVE_SYS_SIGNAL_H 1
| #define HAVE_SYS_TIMEB_H 1
| #define HAVE_GRP_H 1
| #define HAVE_MATH_H 1
| /* end confdefs.h.  */
| #include <stdio.h>
| #ifdef HAVE_SYS_TYPES_H
| # include <sys/types.h>
| #endif
| #ifdef HAVE_SYS_STAT_H
| # include <sys/stat.h>
| #endif
| #ifdef STDC_HEADERS
| # include <stdlib.h>
| # include <stddef.h>
| #else
| # ifdef HAVE_STDLIB_H
| #  include <stdlib.h>
| # endif
| #endif
| #ifdef HAVE_STRING_H
| # if !defined STDC_HEADERS && defined HAVE_MEMORY_H
| #  include <memory.h>
| # endif
| # include <string.h>
| #endif
| #ifdef HAVE_STRINGS_H
| # include <strings.h>
| #endif
| #ifdef HAVE_INTTYPES_H
| # include <inttypes.h>
| #endif
| #ifdef HAVE_STDINT_H
| # include <stdint.h>
| #endif
| #ifdef HAVE_UNISTD_H
| # include <unistd.h>
| #endif
| int
| main ()
| {
| if (sizeof ((size_t)))
| 	    return 0;
|   ;
|   return 0;
| }
configure:5690: result: yes
configure:5701: checking whether time.h and sys/time.h may both be included
configure:5721: gcc -c -g -O2  conftest.c >&5
configure:5721: $? = 0
configure:5728: result: yes
configure:5736: checking whether struct tm is in sys/time.h or time.h
configure:5756: gcc -c -g -O2  conftest.c >&5
configure:5756: $? = 0
configure:5763: result: time.h
configure:5774: checking for strdup
configure:5774: gcc -o conftest -g -O2   conftest.c  >&5
conftest.c:55:6: warning: conflicting types for built-in function 'strdup' [enabled by default]
configure:5774: $? = 0
configure:5774: result: yes
configure:5785: checking for getopt
configure:5785: gcc -o conftest -g -O2   conftest.c  >&5
configure:5785: $? = 0
configure:5785: result: yes
configure:5797: checking for ftime
configure:5797: gcc -o conftest -g -O2   conftest.c  >&5
configure:5797: $? = 0
configure:5797: result: yes
configure:5810: checking for stricmp
configure:5810: gcc -o conftest -g -O2   conftest.c  >&5
/tmp/cclYX4kp.o: In function `main':
/home/kristoff/ham/thelinkbox-on1arf/conftest.c:69: undefined reference to `stricmp'
collect2: ld returned 1 exit status
configure:5810: $? = 1
configure: failed program was:
| /* confdefs.h */
| #define PACKAGE_NAME ""
| #define PACKAGE_TARNAME ""
| #define PACKAGE_VERSION ""
| #define PACKAGE_STRING ""
| #define PACKAGE_BUGREPORT ""
| #define PACKAGE_URL ""
| #define PACKAGE "thelinkbox"
| #define VERSION "0.53"
| #define STDC_HEADERS 1
| #define HAVE_SYS_TYPES_H 1
| #define HAVE_SYS_STAT_H 1
| #define HAVE_STDLIB_H 1
| #define HAVE_STRING_H 1
| #define HAVE_MEMORY_H 1
| #define HAVE_STRINGS_H 1
| #define HAVE_INTTYPES_H 1
| #define HAVE_STDINT_H 1
| #define HAVE_UNISTD_H 1
| #define HAVE_EVIOCGUNIQ /**/
| #define STDC_HEADERS 1
| #define HAVE_FCNTL_H 1
| #define HAVE_LIMITS_H 1
| #define HAVE_SYS_TIME_H 1
| #define HAVE_UNISTD_H 1
| #define HAVE_SYS_SIGNAL_H 1
| #define HAVE_SYS_TIMEB_H 1
| #define HAVE_GRP_H 1
| #define HAVE_MATH_H 1
| #define TIME_WITH_SYS_TIME 1
| #define HAVE_STRDUP 1
| #define HAVE_GETOPT 1
| #define HAVE_FTIME 1
| /* end confdefs.h.  */
| /* Define stricmp to an innocuous variant, in case <limits.h> declares stricmp.
|    For example, HP-UX 11i <limits.h> declares gettimeofday.  */
| #define stricmp innocuous_stricmp
| 
| /* System header to define __stub macros and hopefully few prototypes,
|     which can conflict with char stricmp (); below.
|     Prefer <limits.h> to <assert.h> if __STDC__ is defined, since
|     <limits.h> exists even on freestanding compilers.  */
| 
| #ifdef __STDC__
| # include <limits.h>
| #else
| # include <assert.h>
| #endif
| 
| #undef stricmp
| 
| /* Override any GCC internal prototype to avoid an error.
|    Use char because int might match the return type of a GCC
|    builtin and then its argument prototype would still apply.  */
| #ifdef __cplusplus
| extern "C"
| #endif
| char stricmp ();
| /* The GNU C library defines this for functions which it implements
|     to always fail with ENOSYS.  Some functions are actually named
|     something starting with __ and the normal name is an alias.  */
| #if defined __stub_stricmp || defined __stub___stricmp
| choke me
| #endif
| 
| int
| main ()
| {
| return stricmp ();
|   ;
|   return 0;
| }
configure:5810: result: no
configure:5810: checking for strcasecmp
configure:5810: gcc -o conftest -g -O2   conftest.c  >&5
conftest.c:58:6: warning: conflicting types for built-in function 'strcasecmp' [enabled by default]
configure:5810: $? = 0
configure:5810: result: yes
configure:5990: creating ./config.status

## ---------------------- ##
## Running config.status. ##
## ---------------------- ##

This file was extended by config.status, which was
generated by GNU Autoconf 2.65.  Invocation command line was

  CONFIG_FILES    = 
  CONFIG_HEADERS  = 
  CONFIG_LINKS    = 
  CONFIG_COMMANDS = 
  $ ./config.status 

on frigg

config.status:913: creating Makefile
config.status:913: creating src/Makefile
config.status:913: creating common/Makefile
config.status:913: creating inc/Makefile
config.status:913: creating zlib/Makefile
config.status:913: creating gsm/Makefile
config.status:913: creating gsm/src/Makefile
config.status:913: creating gsm/inc/Makefile
config.status:913: creating tlbcmd/Makefile
config.status:913: creating spandsp/Makefile
config.status:913: creating adpcm/Makefile
config.status:913: creating linkbox/Makefile
config.status:913: creating scripts/Makefile
config.status:913: creating soundmodem/Makefile
config.status:913: creating hrprof/Makefile
config.status:913: creating config.h
config.status:1085: config.h is unchanged
config.status:1133: executing depfiles commands

## ---------------- ##
## Cache variables. ##
## ---------------- ##

ac_cv_build=i686-pc-linux-gnu
ac_cv_c_bigendian=no
ac_cv_c_compiler_gnu=yes
ac_cv_c_const=yes
ac_cv_cxx_compiler_gnu=yes
ac_cv_env_CCC_set=
ac_cv_env_CCC_value=
ac_cv_env_CC_set=
ac_cv_env_CC_value=
ac_cv_env_CFLAGS_set=
ac_cv_env_CFLAGS_value=
ac_cv_env_CPPFLAGS_set=
ac_cv_env_CPPFLAGS_value=
ac_cv_env_CPP_set=
ac_cv_env_CPP_value=
ac_cv_env_CXXFLAGS_set=
ac_cv_env_CXXFLAGS_value=
ac_cv_env_CXX_set=
ac_cv_env_CXX_value=
ac_cv_env_LDFLAGS_set=
ac_cv_env_LDFLAGS_value=
ac_cv_env_LIBS_set=
ac_cv_env_LIBS_value=
ac_cv_env_build_alias_set=
ac_cv_env_build_alias_value=
ac_cv_env_host_alias_set=
ac_cv_env_host_alias_value=
ac_cv_env_target_alias_set=
ac_cv_env_target_alias_value=
ac_cv_func_ftime=yes
ac_cv_func_getopt=yes
ac_cv_func_strcasecmp=yes
ac_cv_func_strdup=yes
ac_cv_func_stricmp=no
ac_cv_header_fcntl_h=yes
ac_cv_header_grp_h=yes
ac_cv_header_inttypes_h=yes
ac_cv_header_limits_h=yes
ac_cv_header_math_h=yes
ac_cv_header_memory_h=yes
ac_cv_header_stdc=yes
ac_cv_header_stdint_h=yes
ac_cv_header_stdlib_h=yes
ac_cv_header_string_h=yes
ac_cv_header_strings_h=yes
ac_cv_header_sys_signal_h=yes
ac_cv_header_sys_stat_h=yes
ac_cv_header_sys_time_h=yes
ac_cv_header_sys_timeb_h=yes
ac_cv_header_sys_types_h=yes
ac_cv_header_time=yes
ac_cv_header_unistd_h=yes
ac_cv_host=i686-pc-linux-gnu
ac_cv_lib_socket_socket=no
ac_cv_objext=o
ac_cv_path_EGREP='/bin/grep -E'
ac_cv_path_GREP=/bin/grep
ac_cv_path_install='/usr/bin/install -c'
ac_cv_path_mkdir=/usr/bin/mkdir
ac_cv_prog_AWK=gawk
ac_cv_prog_CPP='gcc -E'
ac_cv_prog_ac_ct_CC=gcc
ac_cv_prog_ac_ct_CXX=g++
ac_cv_prog_ac_ct_RANLIB=ranlib
ac_cv_prog_cc_c89=
ac_cv_prog_cc_g=yes
ac_cv_prog_cxx_g=yes
ac_cv_prog_have_c=y
ac_cv_prog_have_cplus_plus=y
ac_cv_prog_make_make_set=yes
ac_cv_struct_tm=time.h
ac_cv_type_size_t=yes
am_cv_CC_dependencies_compiler_type=gcc3
am_cv_CXX_dependencies_compiler_type=gcc3

## ----------------- ##
## Output variables. ##
## ----------------- ##

ACLOCAL='${SHELL} /home/kristoff/ham/thelinkbox-on1arf/config/missing --run aclocal-1.11'
AMDEPBACKSLASH='\'
AMDEP_FALSE='#'
AMDEP_TRUE=''
AMTAR='${SHELL} /home/kristoff/ham/thelinkbox-on1arf/config/missing --run tar'
AUTOCONF='${SHELL} /home/kristoff/ham/thelinkbox-on1arf/config/missing --run autoconf'
AUTOHEADER='${SHELL} /home/kristoff/ham/thelinkbox-on1arf/config/missing --run autoheader'
AUTOMAKE='${SHELL} /home/kristoff/ham/thelinkbox-on1arf/config/missing --run automake-1.11'
AWK='gawk'
CC='gcc'
CCDEPMODE='depmode=gcc3'
CFLAGS='-g -O2'
CPP='gcc -E'
CPPFLAGS=''
CXX='g++'
CXXDEPMODE='depmode=gcc3'
CXXFLAGS='-g -O2'
CYGPATH_W='echo'
DEBUG_BUILD_FALSE=''
DEBUG_BUILD_TRUE='#'
DEFS='-DHAVE_CONFIG_H'
DEPDIR='.deps'
ECHO_C=''
ECHO_N='-n'
ECHO_T=''
EGREP='/bin/grep -E'
EXEEXT=''
GREP='/bin/grep'
HAVE_EVIOCGUNIQ='1'
HAVE_SIGNED_BITTYPES='0'
HAVE_UNSIGNED_BITTYPES='0'
INSTALL_DATA='${INSTALL} -m 644'
INSTALL_PROGRAM='${INSTALL}'
INSTALL_SCRIPT='${INSTALL}'
INSTALL_STRIP_PROGRAM='$(install_sh) -c -s'
LDFLAGS=''
LIBDMALLOC=''
LIBOBJS=''
LIBREADLINE=''
LIBS=''
LINK_BOX_FALSE='#'
LINK_BOX_TRUE=''
LN_S='ln -s'
LTLIBOBJS=''
MAKEINFO='${SHELL} /home/kristoff/ham/thelinkbox-on1arf/config/missing --run makeinfo'
MKDIR_P='/usr/bin/mkdir -p'
OBJEXT='o'
PACKAGE='thelinkbox'
PACKAGE_BUGREPORT=''
PACKAGE_NAME=''
PACKAGE_STRING=''
PACKAGE_TARNAME=''
PACKAGE_URL=''
PACKAGE_VERSION=''
PATH_SEPARATOR=':'
PROFILED_BUILD_FALSE=''
PROFILED_BUILD_TRUE='#'
RANLIB='ranlib'
SET_MAKE=''
SHELL='/bin/bash'
STRIP=''
USB_SUPPORT_FALSE=''
USB_SUPPORT_TRUE='#'
USE_DMALLOC_FALSE=''
USE_DMALLOC_TRUE='#'
VERSION='0.53'
ac_ct_CC='gcc'
ac_ct_CXX='g++'
am__EXEEXT_FALSE=''
am__EXEEXT_TRUE='#'
am__fastdepCC_FALSE='#'
am__fastdepCC_TRUE=''
am__fastdepCXX_FALSE='#'
am__fastdepCXX_TRUE=''
am__include='include'
am__isrc=''
am__leading_dot='.'
am__quote=''
am__tar='${AMTAR} chof - "$$tardir"'
am__untar='${AMTAR} xf -'
bindir='${exec_prefix}/bin'
build='i686-pc-linux-gnu'
build_alias=''
build_cpu='i686'
build_os='linux-gnu'
build_vendor='pc'
datadir='${datarootdir}'
datarootdir='${prefix}/share'
docdir='${datarootdir}/doc/${PACKAGE}'
dvidir='${docdir}'
exec_prefix='${prefix}'
have_c='y'
have_cplus_plus='y'
host='i686-pc-linux-gnu'
host_alias=''
host_cpu='i686'
host_os='linux-gnu'
host_vendor='pc'
htmldir='${docdir}'
includedir='${prefix}/include'
infodir='${datarootdir}/info'
install_sh='${SHELL} /home/kristoff/ham/thelinkbox-on1arf/config/install-sh'
libdir='${exec_prefix}/lib'
libexecdir='${exec_prefix}/libexec'
localedir='${datarootdir}/locale'
localstatedir='${prefix}/var'
mandir='${datarootdir}/man'
mkdir_p='/usr/bin/mkdir -p'
oldincludedir='/usr/include'
pdfdir='${docdir}'
prefix='/usr/local'
program_transform_name='s,x,x,'
psdir='${docdir}'
sbindir='${exec_prefix}/sbin'
sharedstatedir='${prefix}/com'
sysconfdir='${prefix}/etc'
target_alias=''

## ----------- ##
## confdefs.h. ##
## ----------- ##

/* confdefs.h */
#define PACKAGE_NAME ""
#define PACKAGE_TARNAME ""
#define PACKAGE_VERSION ""
#define PACKAGE_STRING ""
#define PACKAGE_BUGREPORT ""
#define PACKAGE_URL ""
#define PACKAGE "thelinkbox"
#define VERSION "0.53"
#define STDC_HEADERS 1
#define HAVE_SYS_TYPES_H 1
#define HAVE_SYS_STAT_H 1
#define HAVE_STDLIB_H 1
#define HAVE_STRING_H 1
#define HAVE_MEMORY_H 1
#define HAVE_STRINGS_H 1
#define HAVE_INTTYPES_H 1
#define HAVE_STDINT_H 1
#define HAVE_UNISTD_H 1
#define HAVE_EVIOCGUNIQ /**/
#define STDC_HEADERS 1
#define HAVE_FCNTL_H 1
#define HAVE_LIMITS_H 1
#define HAVE_SYS_TIME_H 1
#define HAVE_UNISTD_H 1
#define HAVE_SYS_SIGNAL_H 1
#define HAVE_SYS_TIMEB_H 1
#define HAVE_GRP_H 1
#define HAVE_MATH_H 1
#define TIME_WITH_SYS_TIME 1
#define HAVE_STRDUP 1
#define HAVE_GETOPT 1
#define HAVE_FTIME 1
#define HAVE_STRCASECMP 1
#define OUR_HOST "i686-pc-linux-gnu"

configure: exit 0
